TN:
SF:/Users/taylor/Desktop/BuildingGraphs/src/graph.js
FN:2,(anonymous_0)
FN:5,(anonymous_1)
FN:8,(anonymous_2)
FN:14,(anonymous_3)
FN:24,(anonymous_4)
FN:30,(anonymous_5)
FNF:6
FNH:6
FNDA:8,(anonymous_0)
FNDA:8,(anonymous_1)
FNDA:2,(anonymous_2)
FNDA:2,(anonymous_3)
FNDA:3,(anonymous_4)
FNDA:1,(anonymous_5)
DA:3,8
DA:6,8
DA:9,2
DA:10,1
DA:12,1
DA:15,2
DA:16,2
DA:17,2
DA:18,2
DA:25,3
DA:26,1
DA:28,2
DA:31,1
DA:32,1
LF:14
LH:14
BRDA:9,0,0,1
BRDA:9,0,1,1
BRDA:25,1,0,1
BRDA:25,1,1,2
BRF:4
BRH:4
end_of_record
